  20
19 5.5 3.9882269e-01
53 5.7631578 3.9706829e-01
88 6.0263157 3.9543567e-01
135 6.2894735 3.9396500e-01
189 6.5526314 3.9264404e-01
246 6.8157892 3.9133032e-01
300 7.0789475 3.9021358e-01
343 7.3421054 3.8918456e-01
370 7.6052632 3.8817822e-01
377 7.8684211 3.8725324e-01
365 8.1315784 3.8640016e-01
337 8.3947372 3.8561012e-01
297 8.657895099999999 3.8488095e-01
251 8.921052899999999 3.8416171e-01
204 9.184210800000001 3.8349342e-01
159 9.447368600000001 3.8286434e-01
120 9.7105265 3.8231022e-01
87 9.9736843 3.8170206e-01
61 10.236842 3.8120903e-01
24 10.5 3.8071390e-01
