20
19 5.5 1.5484537e-01
53 5.7631578 1.5124290e-01
88 6.0263157 1.4790807e-01
135 6.2894735 1.4492649e-01
189 6.5526314 1.4212438e-01
246 6.8157892 1.3946655e-01
300 7.0789475 1.3711690e-01
343 7.3421054 1.3493268e-01
370 7.6052632 1.3288015e-01
377 7.8684211 1.3091009e-01
365 8.1315784 1.2915616e-01
337 8.3947372 1.2744789e-01
297 8.657895099999999 1.2585896e-01
251 8.921052899999999 1.2441149e-01
204 9.184210800000001 1.2290793e-01
159 9.447368600000001 1.2162677e-01
120 9.7105265 1.2038574e-01
87 9.9736843 1.1918808e-01
61 10.236842 1.1807288e-01
24 10.5 1.1701990e-01
